Using pre-set license
Built from '2020.3/staging' branch; Version is '2020.3.23f1 (c5d91304a876) revision 12966163'; Using compiler version '192528614'; Build Type 'Release'
OS: 'Windows 10 Home; OS build 19043.1466; Version 2009; 64bit' Language: 'en' Physical Memory: 16340 MB
BatchMode: 1, IsHumanControllingUs: 0, StartBugReporterOnCrash: 0, Is64bit: 1, IsPro: 0

COMMAND LINE ARGUMENTS:
V:\Dev\2020.3.23f1\Editor\Unity.exe
-adb2
-batchMode
-noUpm
-name
AssetImportWorker0
-projectPath
V:/Dev/Assets/SomeShit
-logFile
Logs/AssetImportWorker0.log
-srvPort
60686
Successfully changed project path to: V:/Dev/Assets/SomeShit
V:/Dev/Assets/SomeShit
Using Asset Import Pipeline V2.
Refreshing native plugins compatible for Editor in 34.16 ms, found 2 plugins.
Preloading 0 native plugins for Editor in 0.00 ms.
Initialize engine version: 2020.3.23f1 (c5d91304a876)
[Subsystems] Discovering subsystems at path V:/Dev/2020.3.23f1/Editor/Data/Resources/UnitySubsystems
[Subsystems] Discovering subsystems at path V:/Dev/Assets/SomeShit/Assets
GfxDevice: creating device client; threaded=0
Direct3D:
    Version:  Direct3D 11.0 [level 11.1]
    Renderer: NVIDIA GeForce RTX 2060 (ID=0x1f08)
    Vendor:   
    VRAM:     5980 MB
    Driver:   30.0.14.7111
Initialize mono
Mono path[0] = 'V:/Dev/2020.3.23f1/Editor/Data/Managed'
Mono path[1] = 'V:/Dev/2020.3.23f1/Editor/Data/MonoBleedingEdge/lib/mono/unityjit'
Mono config path = 'V:/Dev/2020.3.23f1/Editor/Data/MonoBleedingEdge/etc'
Using monoOptions --debugger-agent=transport=dt_socket,embedding=1,server=y,suspend=n,address=127.0.0.1:56528
Begin MonoManager ReloadAssembly
Registering precompiled unity dll's ...
Register platform support module: V:/Dev/2020.3.23f1/Editor/Data/PlaybackEngines/WebGLSupport/UnityEditor.WebGL.Extensions.dll
Register platform support module: V:/Dev/2020.3.23f1/Editor/Data/PlaybackEngines/WindowsStandaloneSupport/UnityEditor.WindowsStandalone.Extensions.dll
Registered in 0.001525 seconds.
Native extension for WindowsStandalone target not found
Native extension for WebGL target not found
Refreshing native plugins compatible for Editor in 30.89 ms, found 2 plugins.
Preloading 0 native plugins for Editor in 0.00 ms.
Mono: successfully reloaded assembly
- Completed reload, in  0.618 seconds
Domain Reload Profiling:
	ReloadAssembly (618ms)
		BeginReloadAssembly (76ms)
			ExecutionOrderSort (0ms)
			DisableScriptedObjects (0ms)
			BackupInstance (0ms)
			ReleaseScriptingObjects (0ms)
			CreateAndSetChildDomain (1ms)
		EndReloadAssembly (469ms)
			LoadAssemblies (75ms)
			RebuildTransferFunctionScriptingTraits (0ms)
			SetupTypeCache (156ms)
			ReleaseScriptCaches (0ms)
			RebuildScriptCaches (34ms)
			SetupLoadedEditorAssemblies (173ms)
				LogAssemblyErrors (0ms)
				InitializePlatformSupportModulesInManaged (6ms)
				SetLoadedEditorAssemblies (0ms)
				RefreshPlugins (31ms)
				BeforeProcessingInitializeOnLoad (17ms)
				ProcessInitializeOnLoadAttributes (84ms)
				ProcessInitializeOnLoadMethodAttributes (35ms)
				AfterProcessingInitializeOnLoad (0ms)
				EditorAssembliesLoaded (0ms)
			ExecutionOrderSort2 (0ms)
			AwakeInstancesAfterBackupRestoration (0ms)
Platform modules already initialized, skipping
Registering precompiled user dll's ...
Registered in 0.005707 seconds.
Begin MonoManager ReloadAssembly
Native extension for WindowsStandalone target not found
Native extension for WebGL target not found
Refreshing native plugins compatible for Editor in 0.43 ms, found 2 plugins.
Preloading 0 native plugins for Editor in 0.00 ms.
Mono: successfully reloaded assembly
- Completed reload, in  1.127 seconds
Domain Reload Profiling:
	ReloadAssembly (1128ms)
		BeginReloadAssembly (173ms)
			ExecutionOrderSort (0ms)
			DisableScriptedObjects (5ms)
			BackupInstance (0ms)
			ReleaseScriptingObjects (0ms)
			CreateAndSetChildDomain (21ms)
		EndReloadAssembly (888ms)
			LoadAssemblies (114ms)
			RebuildTransferFunctionScriptingTraits (0ms)
			SetupTypeCache (335ms)
			ReleaseScriptCaches (1ms)
			RebuildScriptCaches (42ms)
			SetupLoadedEditorAssemblies (324ms)
				LogAssemblyErrors (0ms)
				InitializePlatformSupportModulesInManaged (5ms)
				SetLoadedEditorAssemblies (1ms)
				RefreshPlugins (1ms)
				BeforeProcessingInitializeOnLoad (81ms)
				ProcessInitializeOnLoadAttributes (221ms)
				ProcessInitializeOnLoadMethodAttributes (12ms)
				AfterProcessingInitializeOnLoad (3ms)
				EditorAssembliesLoaded (0ms)
			ExecutionOrderSort2 (0ms)
			AwakeInstancesAfterBackupRestoration (8ms)
Platform modules already initialized, skipping
========================================================================
Worker process is ready to serve import requests
Launched and connected shader compiler UnityShaderCompiler.exe after 0.12 seconds
Refreshing native plugins compatible for Editor in 0.62 ms, found 2 plugins.
Preloading 0 native plugins for Editor in 0.00 ms.
Unloading 1515 Unused Serialized files (Serialized files now loaded: 0)
System memory in use before: 70.7 MB.
System memory in use after: 70.8 MB.

Unloading 19 unused Assets to reduce memory usage. Loaded Objects now: 1947.
Total: 2.899400 ms (FindLiveObjects: 0.193600 ms CreateObjectMapping: 0.069100 ms MarkObjects: 2.563700 ms  DeleteObjects: 0.071800 ms)

AssetImportParameters requested are different than current active one (requested -> active):
  custom:framework-win-MediaFoundation: 216162199b28c13a410421893ffa2e32 -> 
  custom:video-decoder-ogg-theora: a1e56fd34408186e4bbccfd4996cb3dc -> 
  custom:container-muxer-webm: aa71ff27fc2769a1b78a27578f13a17b -> 
  custom:container-demuxer-webm: 4f35f7cbe854078d1ac9338744f61a02 -> 
  custom:container-demuxer-ogg: 62fdf1f143b41e24485cea50d1cbac27 -> 
  custom:video-encoder-webm-vp8: eb34c28f22e8b96e1ab97ce403110664 -> 
  custom:video-codec-MediaFoundation-h265: 746d11721c4dcdbdad8f713fa42b33f4 -> 
  custom:video-decoder-webm-vp8: 9c59270c3fd7afecdb556c50c9e8de78 -> 
  custom:audio-decoder-ogg-vorbis: bf7c407c2cedff20999df2af8eb42d56 -> 
  custom:audio-encoder-webm-vorbis: bf7c407c2cedff20999df2af8eb42d56 -> 
========================================================================
Received Import Request.
  path: Assets/Scenes/MainMenu.unity
  artifactKey: Guid(c1c0c79a8c677b347b0c244a414b2c51) Importer(815301076,1909f56bfc062723c751e8b465ee728b)
Start importing Assets/Scenes/MainMenu.unity using Guid(c1c0c79a8c677b347b0c244a414b2c51) Importer(815301076,1909f56bfc062723c751e8b465ee728b)  -> (artifact id: 'f8e993940e2c43c566e990f48919ec2e') in 0.027843 seconds 
  Import took 0.032159 seconds .

========================================================================
Received Import Request.
  Time since last request: 0.001112 seconds.
  path: Assets/Scenes/Main.unity
  artifactKey: Guid(c07600364ed24e745975dcd2ded76854) Importer(815301076,1909f56bfc062723c751e8b465ee728b)
Start importing Assets/Scenes/Main.unity using Guid(c07600364ed24e745975dcd2ded76854) Importer(815301076,1909f56bfc062723c751e8b465ee728b)  -> (artifact id: '066a949b0b0295cd6949b8a42c6e8f56') in 0.010394 seconds 
  Import took 0.014339 seconds .

========================================================================
Received Import Request.
  Time since last request: 7.641359 seconds.
  path: Assets/Scenes/SampleScene.unity
  artifactKey: Guid(9fc0d4010bbf28b4594072e72b8655ab) Importer(815301076,1909f56bfc062723c751e8b465ee728b)
Start importing Assets/Scenes/SampleScene.unity using Guid(9fc0d4010bbf28b4594072e72b8655ab) Importer(815301076,1909f56bfc062723c751e8b465ee728b)  -> (artifact id: '0f69ab1be3d463118585baeffbc35ea5') in 0.009508 seconds 
  Import took 0.012193 seconds .

========================================================================
Received Prepare
Registering precompiled user dll's ...
Registered in 0.004784 seconds.
Begin MonoManager ReloadAssembly
Native extension for WindowsStandalone target not found
Native extension for WebGL target not found
Refreshing native plugins compatible for Editor in 0.34 ms, found 2 plugins.
Preloading 0 native plugins for Editor in 0.00 ms.
Mono: successfully reloaded assembly
- Completed reload, in  1.091 seconds
Domain Reload Profiling:
	ReloadAssembly (1091ms)
		BeginReloadAssembly (140ms)
			ExecutionOrderSort (0ms)
			DisableScriptedObjects (5ms)
			BackupInstance (0ms)
			ReleaseScriptingObjects (0ms)
			CreateAndSetChildDomain (38ms)
		EndReloadAssembly (882ms)
			LoadAssemblies (121ms)
			RebuildTransferFunctionScriptingTraits (0ms)
			SetupTypeCache (338ms)
			ReleaseScriptCaches (1ms)
			RebuildScriptCaches (42ms)
			SetupLoadedEditorAssemblies (298ms)
				LogAssemblyErrors (0ms)
				InitializePlatformSupportModulesInManaged (5ms)
				SetLoadedEditorAssemblies (1ms)
				RefreshPlugins (0ms)
				BeforeProcessingInitializeOnLoad (70ms)
				ProcessInitializeOnLoadAttributes (209ms)
				ProcessInitializeOnLoadMethodAttributes (9ms)
				AfterProcessingInitializeOnLoad (3ms)
				EditorAssembliesLoaded (0ms)
			ExecutionOrderSort2 (0ms)
			AwakeInstancesAfterBackupRestoration (7ms)
Platform modules already initialized, skipping
Refreshing native plugins compatible for Editor in 0.39 ms, found 2 plugins.
Preloading 0 native plugins for Editor in 0.00 ms.
Unloading 1496 Unused Serialized files (Serialized files now loaded: 0)
System memory in use before: 69.3 MB.
System memory in use after: 69.4 MB.

Unloading 14 unused Assets to reduce memory usage. Loaded Objects now: 1949.
Total: 2.641100 ms (FindLiveObjects: 0.173100 ms CreateObjectMapping: 0.040100 ms MarkObjects: 2.409600 ms  DeleteObjects: 0.017300 ms)

AssetImportParameters requested are different than current active one (requested -> active):
  custom:framework-win-MediaFoundation: 216162199b28c13a410421893ffa2e32 -> 
  custom:video-decoder-ogg-theora: a1e56fd34408186e4bbccfd4996cb3dc -> 
  custom:container-muxer-webm: aa71ff27fc2769a1b78a27578f13a17b -> 
  custom:container-demuxer-webm: 4f35f7cbe854078d1ac9338744f61a02 -> 
  custom:container-demuxer-ogg: 62fdf1f143b41e24485cea50d1cbac27 -> 
  custom:video-encoder-webm-vp8: eb34c28f22e8b96e1ab97ce403110664 -> 
  custom:video-codec-MediaFoundation-h265: 746d11721c4dcdbdad8f713fa42b33f4 -> 
  custom:video-decoder-webm-vp8: 9c59270c3fd7afecdb556c50c9e8de78 -> 
  custom:audio-decoder-ogg-vorbis: bf7c407c2cedff20999df2af8eb42d56 -> 
  custom:audio-encoder-webm-vorbis: bf7c407c2cedff20999df2af8eb42d56 -> 
========================================================================
Received Import Request.
  Time since last request: 453.562410 seconds.
  path: Assets/Prefabs/Tile.prefab
  artifactKey: Guid(36455a4b292f229489654054ea9cad65) Importer(815301076,1909f56bfc062723c751e8b465ee728b)
Start importing Assets/Prefabs/Tile.prefab using Guid(36455a4b292f229489654054ea9cad65) Importer(815301076,1909f56bfc062723c751e8b465ee728b)  -> (artifact id: 'dccbe4b443b1d746c865f0967d8ff697') in 0.335933 seconds 
  Import took 0.339656 seconds .

========================================================================
Received Import Request.
  Time since last request: 0.408466 seconds.
  path: Assets/Meshes/Grass.blend
  artifactKey: Guid(11596ae175676404fa512ce6da998187) Importer(815301076,1909f56bfc062723c751e8b465ee728b)
Start importing Assets/Meshes/Grass.blend using Guid(11596ae175676404fa512ce6da998187) Importer(815301076,1909f56bfc062723c751e8b465ee728b)  -> (artifact id: 'a7db5958e8ae8669b9d8e69f4ceeb232') in 0.034512 seconds 
  Import took 0.037776 seconds .

========================================================================
Received Import Request.
  Time since last request: 0.000248 seconds.
  path: Assets/Meshes/Landscape.blend
  artifactKey: Guid(8ed9bf563c144d04a872ea678a925e57) Importer(815301076,1909f56bfc062723c751e8b465ee728b)
Start importing Assets/Meshes/Landscape.blend using Guid(8ed9bf563c144d04a872ea678a925e57) Importer(815301076,1909f56bfc062723c751e8b465ee728b)  -> (artifact id: '2aff1bb22714ae8b04cd14c17c95c613') in 0.255408 seconds 
  Import took 0.258073 seconds .

========================================================================
Received Import Request.
  Time since last request: 2.700911 seconds.
  path: Assets/Materials/Finished.mat
  artifactKey: Guid(9cfff83124db25845af0d4631cccb185) Importer(815301076,1909f56bfc062723c751e8b465ee728b)
Start importing Assets/Materials/Finished.mat using Guid(9cfff83124db25845af0d4631cccb185) Importer(815301076,1909f56bfc062723c751e8b465ee728b)  -> (artifact id: 'd3ff071386ece5a23a3f5da9d736c38c') in 0.016716 seconds 
  Import took 0.019142 seconds .

========================================================================
Received Import Request.
  Time since last request: 0.000340 seconds.
  path: Assets/Materials/New Material.mat
  artifactKey: Guid(46c8a1d3ecb59c841946f8c0cc4c7540) Importer(815301076,1909f56bfc062723c751e8b465ee728b)
Start importing Assets/Materials/New Material.mat using Guid(46c8a1d3ecb59c841946f8c0cc4c7540) Importer(815301076,1909f56bfc062723c751e8b465ee728b)  -> (artifact id: '0418045b07796f8fdfa39910a52134db') in 0.016118 seconds 
  Import took 0.018625 seconds .

========================================================================
Received Import Request.
  Time since last request: 0.000263 seconds.
  path: Assets/Materials/TileNormal.mat
  artifactKey: Guid(94858b5fb1f997d449aecfec4c691477) Importer(815301076,1909f56bfc062723c751e8b465ee728b)
Start importing Assets/Materials/TileNormal.mat using Guid(94858b5fb1f997d449aecfec4c691477) Importer(815301076,1909f56bfc062723c751e8b465ee728b)  -> (artifact id: 'f39cea6fd50f265af08ee2b7c91dbb1d') in 0.015496 seconds 
  Import took 0.018658 seconds .

========================================================================
Received Import Request.
  Time since last request: 0.000265 seconds.
  path: Assets/Materials/New Material 1.mat
  artifactKey: Guid(f315729cff461a345ab88f70ebe78871) Importer(815301076,1909f56bfc062723c751e8b465ee728b)
Start importing Assets/Materials/New Material 1.mat using Guid(f315729cff461a345ab88f70ebe78871) Importer(815301076,1909f56bfc062723c751e8b465ee728b)  -> (artifact id: '2208ad77690f0e66c5ec168bfed4aeab') in 0.013841 seconds 
  Import took 0.017273 seconds .

========================================================================
Received Import Request.
  Time since last request: 7.143091 seconds.
  path: Assets/Images/1061829.png
  artifactKey: Guid(09e712d712f3bd74c9140e65b48b487b) Importer(815301076,1909f56bfc062723c751e8b465ee728b)
Start importing Assets/Images/1061829.png using Guid(09e712d712f3bd74c9140e65b48b487b) Importer(815301076,1909f56bfc062723c751e8b465ee728b)  -> (artifact id: '46cb2e4a2e765ef9cf68aa8e8c301d66') in 0.024480 seconds 
  Import took 0.027381 seconds .

========================================================================
Received Import Request.
  Time since last request: 0.000287 seconds.
  path: Assets/Images/loading screen.png
  artifactKey: Guid(0f34a92d9711a394fb9f557698eb38dd) Importer(815301076,1909f56bfc062723c751e8b465ee728b)
Start importing Assets/Images/loading screen.png using Guid(0f34a92d9711a394fb9f557698eb38dd) Importer(815301076,1909f56bfc062723c751e8b465ee728b)  -> (artifact id: '3b481b26670b9757b3772efa156f588c') in 0.015226 seconds 
  Import took 0.018034 seconds .

========================================================================
Received Import Request.
  Time since last request: 229.262988 seconds.
  path: Assets/Scenes/SampleScene 1.unity
  artifactKey: Guid(f86bd10df4f23f74b87f29e2f2f5ff07) Importer(815301076,1909f56bfc062723c751e8b465ee728b)
Start importing Assets/Scenes/SampleScene 1.unity using Guid(f86bd10df4f23f74b87f29e2f2f5ff07) Importer(815301076,1909f56bfc062723c751e8b465ee728b)  -> (artifact id: '9de5c233707f8da8755ef397bcf71400') in 0.007879 seconds 
  Import took 0.011152 seconds .

========================================================================
Received Import Request.
  Time since last request: 53.581523 seconds.
  path: Assets/Prefabs/Tile 1.prefab
  artifactKey: Guid(44dadb9bdf24ac746aaa18084fb7467d) Importer(815301076,1909f56bfc062723c751e8b465ee728b)
Start importing Assets/Prefabs/Tile 1.prefab using Guid(44dadb9bdf24ac746aaa18084fb7467d) Importer(815301076,1909f56bfc062723c751e8b465ee728b)  -> (artifact id: 'f88142164bc51cd7a310c3de3424b1f0') in 0.013243 seconds 
  Import took 0.016494 seconds .

========================================================================
Received Import Request.
  Time since last request: 64.711623 seconds.
  path: Assets/Prefabs/Tile 2.prefab
  artifactKey: Guid(6ab9420d0eb6f02479e2a64bd5478146) Importer(815301076,1909f56bfc062723c751e8b465ee728b)
Start importing Assets/Prefabs/Tile 2.prefab using Guid(6ab9420d0eb6f02479e2a64bd5478146) Importer(815301076,1909f56bfc062723c751e8b465ee728b)  -> (artifact id: 'ef7a9210901004ea39a0069f8625021d') in 0.014072 seconds 
  Import took 0.017452 seconds .

========================================================================
Received Import Request.
  Time since last request: 66.431096 seconds.
  path: Assets/Scenes/SampleScene 1.unity
  artifactKey: Guid(f86bd10df4f23f74b87f29e2f2f5ff07) Importer(815301076,1909f56bfc062723c751e8b465ee728b)
Start importing Assets/Scenes/SampleScene 1.unity using Guid(f86bd10df4f23f74b87f29e2f2f5ff07) Importer(815301076,1909f56bfc062723c751e8b465ee728b)  -> (artifact id: '86f4462d37acb0af95a5f8a7f0e16391') in 0.004134 seconds 
  Import took 0.007681 seconds .

========================================================================
Received Import Request.
  Time since last request: 11.459340 seconds.
  path: Assets/Scenes/MainMerge.unity
  artifactKey: Guid(f86bd10df4f23f74b87f29e2f2f5ff07) Importer(815301076,1909f56bfc062723c751e8b465ee728b)
Start importing Assets/Scenes/MainMerge.unity using Guid(f86bd10df4f23f74b87f29e2f2f5ff07) Importer(815301076,1909f56bfc062723c751e8b465ee728b)  -> (artifact id: '70083d29168fe4348944b44070aecd43') in 0.007925 seconds 
  Import took 0.010951 seconds .

========================================================================
Received Import Request.
  Time since last request: 53.047821 seconds.
  path: Assets/Scenes/Main.unity
  artifactKey: Guid(c07600364ed24e745975dcd2ded76854) Importer(815301076,1909f56bfc062723c751e8b465ee728b)
Start importing Assets/Scenes/Main.unity using Guid(c07600364ed24e745975dcd2ded76854) Importer(815301076,1909f56bfc062723c751e8b465ee728b)  -> (artifact id: 'ea4041ddff66365b384d52e662ee8309') in 0.007687 seconds 
  Import took 0.010461 seconds .

========================================================================
Received Prepare
Registering precompiled user dll's ...
Registered in 0.005025 seconds.
Begin MonoManager ReloadAssembly
Native extension for WindowsStandalone target not found
Native extension for WebGL target not found
Refreshing native plugins compatible for Editor in 0.42 ms, found 2 plugins.
Preloading 0 native plugins for Editor in 0.00 ms.
Mono: successfully reloaded assembly
- Completed reload, in  1.039 seconds
Domain Reload Profiling:
	ReloadAssembly (1040ms)
		BeginReloadAssembly (120ms)
			ExecutionOrderSort (0ms)
			DisableScriptedObjects (4ms)
			BackupInstance (0ms)
			ReleaseScriptingObjects (0ms)
			CreateAndSetChildDomain (32ms)
		EndReloadAssembly (860ms)
			LoadAssemblies (110ms)
			RebuildTransferFunctionScriptingTraits (0ms)
			SetupTypeCache (297ms)
			ReleaseScriptCaches (1ms)
			RebuildScriptCaches (48ms)
			SetupLoadedEditorAssemblies (315ms)
				LogAssemblyErrors (0ms)
				InitializePlatformSupportModulesInManaged (5ms)
				SetLoadedEditorAssemblies (1ms)
				RefreshPlugins (0ms)
				BeforeProcessingInitializeOnLoad (79ms)
				ProcessInitializeOnLoadAttributes (218ms)
				ProcessInitializeOnLoadMethodAttributes (8ms)
				AfterProcessingInitializeOnLoad (3ms)
				EditorAssembliesLoaded (0ms)
			ExecutionOrderSort2 (0ms)
			AwakeInstancesAfterBackupRestoration (6ms)
Platform modules already initialized, skipping
Refreshing native plugins compatible for Editor in 0.33 ms, found 2 plugins.
Preloading 0 native plugins for Editor in 0.00 ms.
Unloading 1496 Unused Serialized files (Serialized files now loaded: 0)
System memory in use before: 72.9 MB.
System memory in use after: 73.0 MB.

Unloading 15 unused Assets to reduce memory usage. Loaded Objects now: 1998.
Total: 3.019200 ms (FindLiveObjects: 0.217900 ms CreateObjectMapping: 0.067100 ms MarkObjects: 2.694900 ms  DeleteObjects: 0.037800 ms)

AssetImportParameters requested are different than current active one (requested -> active):
  custom:framework-win-MediaFoundation: 216162199b28c13a410421893ffa2e32 -> 
  custom:video-decoder-ogg-theora: a1e56fd34408186e4bbccfd4996cb3dc -> 
  custom:container-muxer-webm: aa71ff27fc2769a1b78a27578f13a17b -> 
  custom:container-demuxer-webm: 4f35f7cbe854078d1ac9338744f61a02 -> 
  custom:container-demuxer-ogg: 62fdf1f143b41e24485cea50d1cbac27 -> 
  custom:video-encoder-webm-vp8: eb34c28f22e8b96e1ab97ce403110664 -> 
  custom:video-codec-MediaFoundation-h265: 746d11721c4dcdbdad8f713fa42b33f4 -> 
  custom:video-decoder-webm-vp8: 9c59270c3fd7afecdb556c50c9e8de78 -> 
  custom:audio-decoder-ogg-vorbis: bf7c407c2cedff20999df2af8eb42d56 -> 
  custom:audio-encoder-webm-vorbis: bf7c407c2cedff20999df2af8eb42d56 -> 
========================================================================
Received Import Request.
  Time since last request: 352.996473 seconds.
  path: Assets/Scenes/Main.unity
  artifactKey: Guid(c07600364ed24e745975dcd2ded76854) Importer(815301076,1909f56bfc062723c751e8b465ee728b)
Start importing Assets/Scenes/Main.unity using Guid(c07600364ed24e745975dcd2ded76854) Importer(815301076,1909f56bfc062723c751e8b465ee728b)  -> (artifact id: 'c40e9b89efa22e656f8b2d60d8f85009') in 0.012562 seconds 
  Import took 0.015787 seconds .

========================================================================
Received Prepare
Registering precompiled user dll's ...
Registered in 0.005354 seconds.
Begin MonoManager ReloadAssembly
Native extension for WindowsStandalone target not found
Native extension for WebGL target not found
Refreshing native plugins compatible for Editor in 0.42 ms, found 2 plugins.
Preloading 0 native plugins for Editor in 0.00 ms.
Mono: successfully reloaded assembly
- Completed reload, in  1.104 seconds
Domain Reload Profiling:
	ReloadAssembly (1104ms)
		BeginReloadAssembly (128ms)
			ExecutionOrderSort (0ms)
			DisableScriptedObjects (5ms)
			BackupInstance (0ms)
			ReleaseScriptingObjects (0ms)
			CreateAndSetChildDomain (32ms)
		EndReloadAssembly (903ms)
			LoadAssemblies (121ms)
			RebuildTransferFunctionScriptingTraits (0ms)
			SetupTypeCache (341ms)
			ReleaseScriptCaches (1ms)
			RebuildScriptCaches (40ms)
			SetupLoadedEditorAssemblies (321ms)
				LogAssemblyErrors (0ms)
				InitializePlatformSupportModulesInManaged (6ms)
				SetLoadedEditorAssemblies (1ms)
				RefreshPlugins (0ms)
				BeforeProcessingInitializeOnLoad (80ms)
				ProcessInitializeOnLoadAttributes (223ms)
				ProcessInitializeOnLoadMethodAttributes (8ms)
				AfterProcessingInitializeOnLoad (3ms)
				EditorAssembliesLoaded (0ms)
			ExecutionOrderSort2 (0ms)
			AwakeInstancesAfterBackupRestoration (7ms)
Platform modules already initialized, skipping
Refreshing native plugins compatible for Editor in 0.34 ms, found 2 plugins.
Preloading 0 native plugins for Editor in 0.00 ms.
Unloading 1496 Unused Serialized files (Serialized files now loaded: 0)
System memory in use before: 72.9 MB.
System memory in use after: 73.0 MB.

Unloading 14 unused Assets to reduce memory usage. Loaded Objects now: 2000.
Total: 2.378800 ms (FindLiveObjects: 0.140400 ms CreateObjectMapping: 0.044500 ms MarkObjects: 2.163200 ms  DeleteObjects: 0.029700 ms)

AssetImportParameters requested are different than current active one (requested -> active):
  custom:framework-win-MediaFoundation: 216162199b28c13a410421893ffa2e32 -> 
  custom:video-decoder-ogg-theora: a1e56fd34408186e4bbccfd4996cb3dc -> 
  custom:container-muxer-webm: aa71ff27fc2769a1b78a27578f13a17b -> 
  custom:container-demuxer-webm: 4f35f7cbe854078d1ac9338744f61a02 -> 
  custom:container-demuxer-ogg: 62fdf1f143b41e24485cea50d1cbac27 -> 
  custom:video-encoder-webm-vp8: eb34c28f22e8b96e1ab97ce403110664 -> 
  custom:video-codec-MediaFoundation-h265: 746d11721c4dcdbdad8f713fa42b33f4 -> 
  custom:video-decoder-webm-vp8: 9c59270c3fd7afecdb556c50c9e8de78 -> 
  custom:audio-decoder-ogg-vorbis: bf7c407c2cedff20999df2af8eb42d56 -> 
  custom:audio-encoder-webm-vorbis: bf7c407c2cedff20999df2af8eb42d56 -> 
========================================================================
Received Import Request.
  Time since last request: 62.558711 seconds.
  path: Assets/Scripts
  artifactKey: Guid(b4c5dbec9fcaf144d9cff8420aed2e78) Importer(815301076,1909f56bfc062723c751e8b465ee728b)
Start importing Assets/Scripts using Guid(b4c5dbec9fcaf144d9cff8420aed2e78) Importer(815301076,1909f56bfc062723c751e8b465ee728b)  -> (artifact id: 'a279d77595449c26c4e13419c2f2fcdb') in 0.010086 seconds 
  Import took 0.013021 seconds .

========================================================================
Received Import Request.
  Time since last request: 5.335428 seconds.
  path: Assets/Scripts/AFB
  artifactKey: Guid(fb4d1f1a266edc0498f0642e137871be) Importer(815301076,1909f56bfc062723c751e8b465ee728b)
Start importing Assets/Scripts/AFB using Guid(fb4d1f1a266edc0498f0642e137871be) Importer(815301076,1909f56bfc062723c751e8b465ee728b)  -> (artifact id: '7ada14a53605e47d8b193be089b9855e') in 0.008678 seconds 
  Import took 0.011315 seconds .

========================================================================
Received Prepare
Registering precompiled user dll's ...
Registered in 0.004164 seconds.
Begin MonoManager ReloadAssembly
Native extension for WindowsStandalone target not found
Native extension for WebGL target not found
Refreshing native plugins compatible for Editor in 0.34 ms, found 2 plugins.
Preloading 0 native plugins for Editor in 0.00 ms.
Mono: successfully reloaded assembly
- Completed reload, in  1.055 seconds
Domain Reload Profiling:
	ReloadAssembly (1056ms)
		BeginReloadAssembly (125ms)
			ExecutionOrderSort (0ms)
			DisableScriptedObjects (4ms)
			BackupInstance (0ms)
			ReleaseScriptingObjects (0ms)
			CreateAndSetChildDomain (33ms)
		EndReloadAssembly (871ms)
			LoadAssemblies (119ms)
			RebuildTransferFunctionScriptingTraits (0ms)
			SetupTypeCache (332ms)
			ReleaseScriptCaches (1ms)
			RebuildScriptCaches (45ms)
			SetupLoadedEditorAssemblies (286ms)
				LogAssemblyErrors (0ms)
				InitializePlatformSupportModulesInManaged (5ms)
				SetLoadedEditorAssemblies (0ms)
				RefreshPlugins (0ms)
				BeforeProcessingInitializeOnLoad (72ms)
				ProcessInitializeOnLoadAttributes (197ms)
				ProcessInitializeOnLoadMethodAttributes (9ms)
				AfterProcessingInitializeOnLoad (3ms)
				EditorAssembliesLoaded (0ms)
			ExecutionOrderSort2 (0ms)
			AwakeInstancesAfterBackupRestoration (6ms)
Platform modules already initialized, skipping
Refreshing native plugins compatible for Editor in 0.49 ms, found 2 plugins.
Preloading 0 native plugins for Editor in 0.00 ms.
Unloading 1498 Unused Serialized files (Serialized files now loaded: 0)
System memory in use before: 72.9 MB.
System memory in use after: 73.1 MB.

Unloading 14 unused Assets to reduce memory usage. Loaded Objects now: 2004.
Total: 2.702100 ms (FindLiveObjects: 0.160700 ms CreateObjectMapping: 0.040100 ms MarkObjects: 2.481400 ms  DeleteObjects: 0.018900 ms)

AssetImportParameters requested are different than current active one (requested -> active):
  custom:framework-win-MediaFoundation: 216162199b28c13a410421893ffa2e32 -> 
  custom:video-decoder-ogg-theora: a1e56fd34408186e4bbccfd4996cb3dc -> 
  custom:container-muxer-webm: aa71ff27fc2769a1b78a27578f13a17b -> 
  custom:container-demuxer-webm: 4f35f7cbe854078d1ac9338744f61a02 -> 
  custom:container-demuxer-ogg: 62fdf1f143b41e24485cea50d1cbac27 -> 
  custom:video-encoder-webm-vp8: eb34c28f22e8b96e1ab97ce403110664 -> 
  custom:video-codec-MediaFoundation-h265: 746d11721c4dcdbdad8f713fa42b33f4 -> 
  custom:video-decoder-webm-vp8: 9c59270c3fd7afecdb556c50c9e8de78 -> 
  custom:audio-decoder-ogg-vorbis: bf7c407c2cedff20999df2af8eb42d56 -> 
  custom:audio-encoder-webm-vorbis: bf7c407c2cedff20999df2af8eb42d56 -> 
========================================================================
Received Import Request.
  Time since last request: 24.503467 seconds.
  path: Assets/Scripts/AFB/MusicLoop.cs
  artifactKey: Guid(d64c7a57997017344872d2bfd73e5183) Importer(815301076,1909f56bfc062723c751e8b465ee728b)
Start importing Assets/Scripts/AFB/MusicLoop.cs using Guid(d64c7a57997017344872d2bfd73e5183) Importer(815301076,1909f56bfc062723c751e8b465ee728b)  -> (artifact id: 'e784b1714d11888528e50c99f021ceb6') in 0.029926 seconds 
  Import took 0.033653 seconds .

========================================================================
Received Import Request.
  Time since last request: 25.705598 seconds.
  path: Assets/Sounds/Asian Meme Sound.mp3
  artifactKey: Guid(1547a9f7ba1853343b44e61a2d324dda) Importer(815301076,1909f56bfc062723c751e8b465ee728b)
Start importing Assets/Sounds/Asian Meme Sound.mp3 using Guid(1547a9f7ba1853343b44e61a2d324dda) Importer(815301076,1909f56bfc062723c751e8b465ee728b)  -> (artifact id: '3ac6474efa9ea829fcc695698eeb4053') in 0.054657 seconds 
  Import took 0.057517 seconds .

========================================================================
Received Import Request.
  Time since last request: 0.000270 seconds.
  path: Assets/Sounds/ching cheng hanji.mp3
  artifactKey: Guid(83aecdfcd48e56b4a83d154ccc772f05) Importer(815301076,1909f56bfc062723c751e8b465ee728b)
Start importing Assets/Sounds/ching cheng hanji.mp3 using Guid(83aecdfcd48e56b4a83d154ccc772f05) Importer(815301076,1909f56bfc062723c751e8b465ee728b)  -> (artifact id: '2c657cb4fcc70aa60bebbe5253da344e') in 0.017081 seconds 
  Import took 0.019745 seconds .

========================================================================
Received Import Request.
  Time since last request: 0.000342 seconds.
  path: Assets/Sounds/mao_zedong_propaganda_music_Red_Sun_in_the_Sky.mp3
  artifactKey: Guid(98fcee91c3ad6694e8fe0516f663cefc) Importer(815301076,1909f56bfc062723c751e8b465ee728b)
Start importing Assets/Sounds/mao_zedong_propaganda_music_Red_Sun_in_the_Sky.mp3 using Guid(98fcee91c3ad6694e8fe0516f663cefc) Importer(815301076,1909f56bfc062723c751e8b465ee728b)  -> (artifact id: 'ca03b1a0b80a3f0fc573b80250ba2450') in 0.016260 seconds 
  Import took 0.020147 seconds .

========================================================================
Received Import Request.
  Time since last request: 38.502805 seconds.
  path: Assets/Scenes/Main.unity
  artifactKey: Guid(c07600364ed24e745975dcd2ded76854) Importer(815301076,1909f56bfc062723c751e8b465ee728b)
Start importing Assets/Scenes/Main.unity using Guid(c07600364ed24e745975dcd2ded76854) Importer(815301076,1909f56bfc062723c751e8b465ee728b)  -> (artifact id: '1f6da6db946e27185486dbabd47d5eb6') in 0.003678 seconds 
  Import took 0.006562 seconds .

========================================================================
Received Prepare
Registering precompiled user dll's ...
Registered in 0.004516 seconds.
Begin MonoManager ReloadAssembly
Native extension for WindowsStandalone target not found
Native extension for WebGL target not found
Refreshing native plugins compatible for Editor in 0.34 ms, found 2 plugins.
Preloading 0 native plugins for Editor in 0.00 ms.
Mono: successfully reloaded assembly
- Completed reload, in  0.978 seconds
Domain Reload Profiling:
	ReloadAssembly (979ms)
		BeginReloadAssembly (120ms)
			ExecutionOrderSort (0ms)
			DisableScriptedObjects (5ms)
			BackupInstance (0ms)
			ReleaseScriptingObjects (0ms)
			CreateAndSetChildDomain (32ms)
		EndReloadAssembly (797ms)
			LoadAssemblies (108ms)
			RebuildTransferFunctionScriptingTraits (0ms)
			SetupTypeCache (282ms)
			ReleaseScriptCaches (1ms)
			RebuildScriptCaches (37ms)
			SetupLoadedEditorAssemblies (291ms)
				LogAssemblyErrors (0ms)
				InitializePlatformSupportModulesInManaged (5ms)
				SetLoadedEditorAssemblies (0ms)
				RefreshPlugins (0ms)
				BeforeProcessingInitializeOnLoad (70ms)
				ProcessInitializeOnLoadAttributes (202ms)
				ProcessInitializeOnLoadMethodAttributes (10ms)
				AfterProcessingInitializeOnLoad (3ms)
				EditorAssembliesLoaded (0ms)
			ExecutionOrderSort2 (0ms)
			AwakeInstancesAfterBackupRestoration (6ms)
Platform modules already initialized, skipping
Refreshing native plugins compatible for Editor in 0.62 ms, found 2 plugins.
Preloading 0 native plugins for Editor in 0.00 ms.
Unloading 1498 Unused Serialized files (Serialized files now loaded: 0)
System memory in use before: 73.0 MB.
System memory in use after: 73.1 MB.

Unloading 14 unused Assets to reduce memory usage. Loaded Objects now: 2009.
Total: 2.727700 ms (FindLiveObjects: 0.148000 ms CreateObjectMapping: 0.046800 ms MarkObjects: 2.500800 ms  DeleteObjects: 0.030700 ms)

AssetImportParameters requested are different than current active one (requested -> active):
  custom:framework-win-MediaFoundation: 216162199b28c13a410421893ffa2e32 -> 
  custom:video-decoder-ogg-theora: a1e56fd34408186e4bbccfd4996cb3dc -> 
  custom:container-muxer-webm: aa71ff27fc2769a1b78a27578f13a17b -> 
  custom:container-demuxer-webm: 4f35f7cbe854078d1ac9338744f61a02 -> 
  custom:container-demuxer-ogg: 62fdf1f143b41e24485cea50d1cbac27 -> 
  custom:video-encoder-webm-vp8: eb34c28f22e8b96e1ab97ce403110664 -> 
  custom:video-codec-MediaFoundation-h265: 746d11721c4dcdbdad8f713fa42b33f4 -> 
  custom:video-decoder-webm-vp8: 9c59270c3fd7afecdb556c50c9e8de78 -> 
  custom:audio-decoder-ogg-vorbis: bf7c407c2cedff20999df2af8eb42d56 -> 
  custom:audio-encoder-webm-vorbis: bf7c407c2cedff20999df2af8eb42d56 -> 
AssetImportWorkerClient::OnTransportError - code=2 error=End of file
